Sat Nov 19 19:19:49 EST 2022 : Apache Derby Network Server - 10.16.1.1 - (1901046) started and ready to accept connections on port 1527
----------------------------------------------------------------
Sat Nov 19 19:19:55 EST 2022:
Booting Derby version The Apache Software Foundation - Apache Derby - 10.16.1.1 - (1901046): instance a816c00e-0184-9267-d6af-00000f71b9e8 
on database directory /Users/chengfei/1_RAM/CodingProjects/Assignment/UCSD_22Fall_AdvancedJava_Assignment/database.query.Lesson7Database/db/COREJAVA with class loader jdk.internal.loader.ClassLoaders$AppClassLoader@1de0aca6
Loaded from file:/Users/chengfei/1_RAM/CodingProjects/Assignment/UCSD_22Fall_AdvancedJava_Assignment/database.query.Lesson7Database/derby/lib/derby.jar
java.vendor=Oracle Corporation
java.runtime.version=18.0.2+9-61
user.dir=/Users/chengfei/1_RAM/CodingProjects/Assignment/UCSD_22Fall_AdvancedJava_Assignment/database.query.Lesson7Database/src
os.name=Mac OS X
os.arch=x86_64
os.version=13.0
derby.system.home=null
Database Class Loader started - derby.database.classpath=''
----------------------------------------------------------------
Sat Nov 19 19:20:24 EST 2022: Shutting down Derby engine
----------------------------------------------------------------
Sat Nov 19 19:20:24 EST 2022:
Shutting down instance a816c00e-0184-9267-d6af-00000f71b9e8 on database directory /Users/chengfei/1_RAM/CodingProjects/Assignment/UCSD_22Fall_AdvancedJava_Assignment/database.query.Lesson7Database/db/COREJAVA with class loader jdk.internal.loader.ClassLoaders$AppClassLoader@1de0aca6
----------------------------------------------------------------
