Sat Nov 19 19:14:07 EST 2022 : Apache Derby Network Server - 10.16.1.1 - (1901046) started and ready to accept connections on port 1527
----------------------------------------------------------------
Sat Nov 19 19:14:12 EST 2022:
Booting Derby version The Apache Software Foundation - Apache Derby - 10.16.1.1 - (1901046): instance a816c00e-0184-9262-9ecc-00000f720770 
on database directory /Users/chengfei/1_RAM/CodingProjects/Assignment/UCSD_22Fall_AdvancedJava_Assignment/Lesson7Database/db/COREJAVA with class loader jdk.internal.loader.ClassLoaders$AppClassLoader@1de0aca6 
Loaded from file:/Users/chengfei/1_RAM/CodingProjects/Assignment/UCSD_22Fall_AdvancedJava_Assignment/Lesson7Database/derby/lib/derby.jar
java.vendor=Oracle Corporation
java.runtime.version=18.0.2+9-61
user.dir=/Users/chengfei/1_RAM/CodingProjects/Assignment/UCSD_22Fall_AdvancedJava_Assignment/Lesson7Database/shell
os.name=Mac OS X
os.arch=x86_64
os.version=13.0
derby.system.home=null
Database Class Loader started - derby.database.classpath=''
----------------------------------------------------------------
Sat Nov 19 19:14:25 EST 2022: Shutting down Derby engine
----------------------------------------------------------------
Sat Nov 19 19:14:25 EST 2022:
Shutting down instance a816c00e-0184-9262-9ecc-00000f720770 on database directory /Users/chengfei/1_RAM/CodingProjects/Assignment/UCSD_22Fall_AdvancedJava_Assignment/Lesson7Database/db/COREJAVA with class loader jdk.internal.loader.ClassLoaders$AppClassLoader@1de0aca6 
----------------------------------------------------------------
